<?xml version="1.0" encoding="UTF-8"?>
<!-- Generated by org.testng.reporters.JUnitXMLReporter -->
<testsuite hostname="LAPTOP-LO7MB9TB" ignored="0" name="Default test" tests="4" failures="0" timestamp="2021-03-18T17:38:06 IST" time="0.156" errors="0">
  <testcase name="@BeforeSuite openTheBrowser" time="-1.616069286254E9" classname="cheers.cognizant.testcases.TestCases">
    <failure type="org.testng.TestNGException" message="
Parameter &amp;apos;browserCodes&amp;apos; is required by BeforeSuite on method openTheBrowser but has not been marked @Optional or defined
in C:\Users\91955\AppData\Local\Temp\testng-eclipse-1889862088\testng-customsuite.xml">
      <![CDATA[org.testng.TestNGException: 
Parameter 'browserCodes' is required by BeforeSuite on method openTheBrowser but has not been marked @Optional or defined
in C:\Users\91955\AppData\Local\Temp\testng-eclipse-1889862088\testng-customsuite.xml
at org.testng.internal.Parameters.createParams(Parameters.java:268)
at org.testng.internal.Parameters.createParametersForMethod(Parameters.java:356)
at org.testng.internal.Parameters.createParameters(Parameters.java:700)
at org.testng.internal.Parameters.createConfigurationParameters(Parameters.java:166)
at org.testng.internal.ConfigInvoker.invokeConfigurations(ConfigInvoker.java:301)
at org.testng.SuiteRunner.privateRun(SuiteRunner.java:327)
at org.testng.SuiteRunner.run(SuiteRunner.java:286)
at org.testng.SuiteRunnerWorker.runSuite(SuiteRunnerWorker.java:53)
at org.testng.SuiteRunnerWorker.run(SuiteRunnerWorker.java:96)
at org.testng.TestNG.runSuitesSequentially(TestNG.java:1218)
at org.testng.TestNG.runSuitesLocally(TestNG.java:1140)
at org.testng.TestNG.runSuites(TestNG.java:1069)
at org.testng.TestNG.run(TestNG.java:1037)
at org.testng.remote.AbstractRemoteTestNG.run(AbstractRemoteTestNG.java:115)
at org.testng.remote.RemoteTestNG.initAndRun(RemoteTestNG.java:251)
at org.testng.remote.RemoteTestNG.main(RemoteTestNG.java:77)
]]>
    </failure>
  </testcase> <!-- @BeforeSuite openTheBrowser -->
  <testcase name="homePageSmoke" time="0.0" classname="cheers.cognizant.testcases.TestCases">
    <skipped/>
  </testcase> <!-- homePageSmoke -->
  <testcase name="shoppingPageSmoke" time="0.0" classname="cheers.cognizant.testcases.TestCases">
    <skipped/>
  </testcase> <!-- shoppingPageSmoke -->
  <testcase name="checkHomeButton" time="0.0" classname="cheers.cognizant.testcases.TestCases">
    <skipped/>
  </testcase> <!-- checkHomeButton -->
  <testcase name="checkCognizantLogo" time="0.0" classname="cheers.cognizant.testcases.TestCases">
    <skipped/>
  </testcase> <!-- checkCognizantLogo -->
</testsuite> <!-- Default test -->
